<?xml version="1.0" encoding="UTF-8"?>
<testsuite xmlns:xsi="http://www.w3.org/2001/XMLSchema-instance" xsi:schemaLocation="https://maven.apache.org/surefire/maven-surefire-plugin/xsd/surefire-test-report.xsd" name="steps.RunnerTest" time="60.833" tests="54" errors="3" skipped="9" failures="0">
  <properties>
    <property name="java.runtime.name" value="Java(TM) SE Runtime Environment"/>
    <property name="sun.boot.library.path" value="C:\Program Files\Java\jdk1.8.0_91\jre\bin"/>
    <property name="java.vm.version" value="25.91-b15"/>
    <property name="java.vm.vendor" value="Oracle Corporation"/>
    <property name="maven.multiModuleProjectDirectory" value="C:\WorkSpace\Module1"/>
    <property name="java.vendor.url" value="http://java.oracle.com/"/>
    <property name="path.separator" value=";"/>
    <property name="guice.disable.misplaced.annotation.check" value="true"/>
    <property name="java.vm.name" value="Java HotSpot(TM) 64-Bit Server VM"/>
    <property name="file.encoding.pkg" value="sun.io"/>
    <property name="user.script" value=""/>
    <property name="user.country" value="GB"/>
    <property name="sun.java.launcher" value="SUN_STANDARD"/>
    <property name="sun.os.patch.level" value=""/>
    <property name="java.vm.specification.name" value="Java Virtual Machine Specification"/>
    <property name="user.dir" value="C:\WorkSpace\Module1"/>
    <property name="java.runtime.version" value="1.8.0_91-b15"/>
    <property name="java.awt.graphicsenv" value="sun.awt.Win32GraphicsEnvironment"/>
    <property name="java.endorsed.dirs" value="C:\Program Files\Java\jdk1.8.0_91\jre\lib\endorsed"/>
    <property name="os.arch" value="amd64"/>
    <property name="java.io.tmpdir" value="C:\Users\NINO\AppData\Local\Temp\"/>
    <property name="line.separator" value="&#10;"/>
    <property name="java.vm.specification.vendor" value="Oracle Corporation"/>
    <property name="user.variant" value=""/>
    <property name="os.name" value="Windows 10"/>
    <property name="classworlds.conf" value="C:\Program Files\Apache\apache-maven-3.3.9\bin\m2.conf"/>
    <property name="sun.jnu.encoding" value="Cp1252"/>
    <property name="java.library.path" value="C:\Program Files\Java\jdk1.8.0_91\bin;C:\WINDOWS\Sun\Java\bin;C:\WINDOWS\system32;C:\WINDOWS;C:\ProgramData\Oracle\Java\javapath;C:\WINDOWS\system32;C:\WINDOWS;C:\WINDOWS\System32\Wbem;C:\WINDOWS\System32\WindowsPowerShell\v1.0\;C:\Program Files (x86)\Common Files\Roxio Shared\DLLShared\;C:\Program Files (x86)\Common Files\Roxio Shared\13.0\DLLShared\;C:\Program Files\Microsoft\Web Platform Installer\;C:\Program Files (x86)\Microsoft ASP.NET\ASP.NET Web Pages\v1.0\;C:\Program Files (x86)\Windows Kits\8.0\Windows Performance Toolkit\;C:\Program Files\Microsoft SQL Server\110\Tools\Binn\;C:\Program Files\Java\jdk1.8.0_101\bin;C:\Program Files\Apache\apache-maven-3.3.9\bin;C:\Ruby193\bin;C:\Ruby200\bin;C:\Ruby193\bin;C:\Users\NINO\AppData\Local\Microsoft\WindowsApps;C:\Program Files\Docker Toolbox;."/>
    <property name="java.specification.name" value="Java Platform API Specification"/>
    <property name="java.class.version" value="52.0"/>
    <property name="sun.management.compiler" value="HotSpot 64-Bit Tiered Compilers"/>
    <property name="os.version" value="10.0"/>
    <property name="user.home" value="C:\Users\NINO"/>
    <property name="user.timezone" value="Europe/London"/>
    <property name="java.awt.printerjob" value="sun.awt.windows.WPrinterJob"/>
    <property name="java.specification.version" value="1.8"/>
    <property name="file.encoding" value="Cp1252"/>
    <property name="user.name" value="SAMSUNG"/>
    <property name="java.class.path" value="C:\Program Files\Apache\apache-maven-3.3.9\boot\plexus-classworlds-2.5.2.jar"/>
    <property name="java.vm.specification.version" value="1.8"/>
    <property name="sun.arch.data.model" value="64"/>
    <property name="java.home" value="C:\Program Files\Java\jdk1.8.0_91\jre"/>
    <property name="sun.java.command" value="org.codehaus.plexus.classworlds.launcher.Launcher test"/>
    <property name="java.specification.vendor" value="Oracle Corporation"/>
    <property name="user.language" value="en"/>
    <property name="awt.toolkit" value="sun.awt.windows.WToolkit"/>
    <property name="java.vm.info" value="mixed mode"/>
    <property name="java.version" value="1.8.0_91"/>
    <property name="java.ext.dirs" value="C:\Program Files\Java\jdk1.8.0_91\jre\lib\ext;C:\WINDOWS\Sun\Java\lib\ext"/>
    <property name="sun.boot.class.path" value="C:\Program Files\Java\jdk1.8.0_91\jre\lib\resources.jar;C:\Program Files\Java\jdk1.8.0_91\jre\lib\rt.jar;C:\Program Files\Java\jdk1.8.0_91\jre\lib\sunrsasign.jar;C:\Program Files\Java\jdk1.8.0_91\jre\lib\jsse.jar;C:\Program Files\Java\jdk1.8.0_91\jre\lib\jce.jar;C:\Program Files\Java\jdk1.8.0_91\jre\lib\charsets.jar;C:\Program Files\Java\jdk1.8.0_91\jre\lib\jfr.jar;C:\Program Files\Java\jdk1.8.0_91\jre\classes"/>
    <property name="sun.stderr.encoding" value="cp437"/>
    <property name="java.vendor" value="Oracle Corporation"/>
    <property name="maven.home" value="C:\Program Files\Apache\apache-maven-3.3.9"/>
    <property name="file.separator" value="\"/>
    <property name="java.vendor.url.bug" value="http://bugreport.sun.com/bugreport/"/>
    <property name="sun.cpu.endian" value="little"/>
    <property name="sun.io.unicode.encoding" value="UnicodeLittle"/>
    <property name="sun.stdout.encoding" value="cp437"/>
    <property name="sun.desktop" value="windows"/>
    <property name="sun.cpu.isalist" value="amd64"/>
  </properties>
  <testcase name="| Hilton Hotel | London UK | George | 07909000943 | test@email.com |" classname="| Hilton Hotel | London UK | George | 07909000943 | test@email.com |" time="0.125">
    <error type="java.lang.NullPointerException">java.lang.NullPointerException
</error>
    <system-out><![CDATA[@hotelManagementTest
Feature: As an admin User I want to create a single and Multiple Entry and delete all entry test

  @createSingleEntry
  Scenario Outline: I want to create and delete entries &amp#27;[90m# feature/HotelManagement.feature:10&amp#27;[0m
    &amp#27;[36mAnd &amp#27;[0m&amp#27;[36mI enter "<hotelName>" in the hotel name field&amp#27;[0m
    &amp#27;[36mAnd &amp#27;[0m&amp#27;[36mI enter  "<address>" in the address field&amp#27;[0m
    &amp#27;[36mAnd &amp#27;[0m&amp#27;[36mI enter "<owner>" in the owners field&amp#27;[0m
    &amp#27;[36mAnd &amp#27;[0m&amp#27;[36mI enter "<phoneNo>" in the phone number field&amp#27;[0m
    &amp#27;[36mAnd &amp#27;[0m&amp#27;[36mI enter "<email>" in the email field&amp#27;[0m
    &amp#27;[36mAnd &amp#27;[0m&amp#27;[36mI click create button&amp#27;[0m
    &amp#27;[36mAnd &amp#27;[0m&amp#27;[36mI log out successfully&amp#27;[0m

    Examples: 
]]></system-out>
  </testcase>
  <testcase name="Given I am on the Homepage" classname="| Hilton Hotel | London UK | George | 07909000943 | test@email.com |" time="0">
    <skipped/>
    <system-out><![CDATA[&amp#27;[31mFailure in before hook:&amp#27;[0m&amp#27;[31mHotelManagementSteps.setup()&amp#27;[0m
&amp#27;[31mMessage: &amp#27;[0m&amp#27;[31mjava.lang.NullPointerException
	at steps.HotelManagementSteps.setup(HotelManagementSteps.java:20)
	at sun.reflect.NativeMethodAccessorImpl.invoke0(Native Method)
	at sun.reflect.NativeMethodAccessorImpl.invoke(NativeMethodAccessorImpl.java:62)
	at sun.reflect.DelegatingMethodAccessorImpl.invoke(DelegatingMethodAccessorImpl.java:43)
	at java.lang.reflect.Method.invoke(Method.java:498)
	at cucumber.runtime.Utils$1.call(Utils.java:40)
	at cucumber.runtime.Timeout.timeout(Timeout.java:16)
	at cucumber.runtime.Utils.invoke(Utils.java:34)
	at cucumber.runtime.java.JavaHookDefinition.execute(JavaHookDefinition.java:60)
	at cucumber.runtime.Runtime.runHookIfTagsMatch(Runtime.java:224)
	at cucumber.runtime.Runtime.runHooks(Runtime.java:212)
	at cucumber.runtime.Runtime.runBeforeHooks(Runtime.java:202)
	at cucumber.runtime.model.CucumberScenario.run(CucumberScenario.java:40)
	at cucumber.runtime.junit.ExecutionUnitRunner.run(ExecutionUnitRunner.java:102)
	at org.junit.runners.Suite.runChild(Suite.java:128)
	at org.junit.runners.Suite.runChild(Suite.java:27)
	at org.junit.runners.ParentRunner$3.run(ParentRunner.java:290)
	at org.junit.runners.ParentRunner$1.schedule(ParentRunner.java:71)
	at org.junit.runners.ParentRunner.runChildren(ParentRunner.java:288)
	at org.junit.runners.ParentRunner.access$000(ParentRunner.java:58)
	at org.junit.runners.ParentRunner$2.evaluate(ParentRunner.java:268)
	at org.junit.runners.ParentRunner.run(ParentRunner.java:363)
	at cucumber.runtime.junit.ExamplesRunner.run(ExamplesRunner.java:59)
	at org.junit.runners.Suite.runChild(Suite.java:128)
	at org.junit.runners.Suite.runChild(Suite.java:27)
	at org.junit.runners.ParentRunner$3.run(ParentRunner.java:290)
	at org.junit.runners.ParentRunner$1.schedule(ParentRunner.java:71)
	at org.junit.runners.ParentRunner.runChildren(ParentRunner.java:288)
	at org.junit.runners.ParentRunner.access$000(ParentRunner.java:58)
	at org.junit.runners.ParentRunner$2.evaluate(ParentRunner.java:268)
	at org.junit.runners.ParentRunner.run(ParentRunner.java:363)
	at cucumber.runtime.junit.ScenarioOutlineRunner.run(ScenarioOutlineRunner.java:53)
	at cucumber.runtime.junit.FeatureRunner.runChild(FeatureRunner.java:63)
	at cucumber.runtime.junit.FeatureRunner.runChild(FeatureRunner.java:18)
	at org.junit.runners.ParentRunner$3.run(ParentRunner.java:290)
	at org.junit.runners.ParentRunner$1.schedule(ParentRunner.java:71)
	at org.junit.runners.ParentRunner.runChildren(ParentRunner.java:288)
	at org.junit.runners.ParentRunner.access$000(ParentRunner.java:58)
	at org.junit.runners.ParentRunner$2.evaluate(ParentRunner.java:268)
	at org.junit.runners.ParentRunner.run(ParentRunner.java:363)
	at cucumber.runtime.junit.FeatureRunner.run(FeatureRunner.java:70)
	at cucumber.api.junit.Cucumber.runChild(Cucumber.java:95)
	at cucumber.api.junit.Cucumber.runChild(Cucumber.java:38)
	at org.junit.runners.ParentRunner$3.run(ParentRunner.java:290)
	at org.junit.runners.ParentRunner$1.schedule(ParentRunner.java:71)
	at org.junit.runners.ParentRunner.runChildren(ParentRunner.java:288)
	at org.junit.runners.ParentRunner.access$000(ParentRunner.java:58)
	at org.junit.runners.ParentRunner$2.evaluate(ParentRunner.java:268)
	at org.junit.runners.ParentRunner.run(ParentRunner.java:363)
	at cucumber.api.junit.Cucumber.run(Cucumber.java:100)
	at org.apache.maven.surefire.junit4.JUnit4Provider.execute(JUnit4Provider.java:344)
	at org.apache.maven.surefire.junit4.JUnit4Provider.executeWithRerun(JUnit4Provider.java:269)
	at org.apache.maven.surefire.junit4.JUnit4Provider.executeTestSet(JUnit4Provider.java:240)
	at org.apache.maven.surefire.junit4.JUnit4Provider.invoke(JUnit4Provider.java:184)
	at org.apache.maven.surefire.booter.ForkedBooter.invokeProviderInSameClassLoader(ForkedBooter.java:286)
	at org.apache.maven.surefire.booter.ForkedBooter.runSuitesInProcess(ForkedBooter.java:240)
	at org.apache.maven.surefire.booter.ForkedBooter.main(ForkedBooter.java:121)
&amp#27;[0m
      &amp#27;[31mjava.lang.NullPointerException
      	at steps.HotelManagementSteps.setup(HotelManagementSteps.java:20)
      	at sun.reflect.NativeMethodAccessorImpl.invoke0(Native Method)
      	at sun.reflect.NativeMethodAccessorImpl.invoke(NativeMethodAccessorImpl.java:62)
      	at sun.reflect.DelegatingMethodAccessorImpl.invoke(DelegatingMethodAccessorImpl.java:43)
      	at java.lang.reflect.Method.invoke(Method.java:498)
      	at cucumber.runtime.Utils$1.call(Utils.java:40)
      	at cucumber.runtime.Timeout.timeout(Timeout.java:16)
      	at cucumber.runtime.Utils.invoke(Utils.java:34)
      	at cucumber.runtime.java.JavaHookDefinition.execute(JavaHookDefinition.java:60)
      	at cucumber.runtime.Runtime.runHookIfTagsMatch(Runtime.java:224)
      	at cucumber.runtime.Runtime.runHooks(Runtime.java:212)
      	at cucumber.runtime.Runtime.runBeforeHooks(Runtime.java:202)
      	at cucumber.runtime.model.CucumberScenario.run(CucumberScenario.java:40)
      	at cucumber.runtime.junit.ExecutionUnitRunner.run(ExecutionUnitRunner.java:102)
      	at org.junit.runners.Suite.runChild(Suite.java:128)
      	at org.junit.runners.Suite.runChild(Suite.java:27)
      	at org.junit.runners.ParentRunner$3.run(ParentRunner.java:290)
      	at org.junit.runners.ParentRunner$1.schedule(ParentRunner.java:71)
      	at org.junit.runners.ParentRunner.runChildren(ParentRunner.java:288)
      	at org.junit.runners.ParentRunner.access$000(ParentRunner.java:58)
      	at org.junit.runners.ParentRunner$2.evaluate(ParentRunner.java:268)
      	at org.junit.runners.ParentRunner.run(ParentRunner.java:363)
      	at cucumber.runtime.junit.ExamplesRunner.run(ExamplesRunner.java:59)
      	at org.junit.runners.Suite.runChild(Suite.java:128)
      	at org.junit.runners.Suite.runChild(Suite.java:27)
      	at org.junit.runners.ParentRunner$3.run(ParentRunner.java:290)
      	at org.junit.runners.ParentRunner$1.schedule(ParentRunner.java:71)
      	at org.junit.runners.ParentRunner.runChildren(ParentRunner.java:288)
      	at org.junit.runners.ParentRunner.access$000(ParentRunner.java:58)
      	at org.junit.runners.ParentRunner$2.evaluate(ParentRunner.java:268)
      	at org.junit.runners.ParentRunner.run(ParentRunner.java:363)
      	at cucumber.runtime.junit.ScenarioOutlineRunner.run(ScenarioOutlineRunner.java:53)
      	at cucumber.runtime.junit.FeatureRunner.runChild(FeatureRunner.java:63)
      	at cucumber.runtime.junit.FeatureRunner.runChild(FeatureRunner.java:18)
      	at org.junit.runners.ParentRunner$3.run(ParentRunner.java:290)
      	at org.junit.runners.ParentRunner$1.schedule(ParentRunner.java:71)
      	at org.junit.runners.ParentRunner.runChildren(ParentRunner.java:288)
      	at org.junit.runners.ParentRunner.access$000(ParentRunner.java:58)
      	at org.junit.runners.ParentRunner$2.evaluate(ParentRunner.java:268)
      	at org.junit.runners.ParentRunner.run(ParentRunner.java:363)
      	at cucumber.runtime.junit.FeatureRunner.run(FeatureRunner.java:70)
      	at cucumber.api.junit.Cucumber.runChild(Cucumber.java:95)
      	at cucumber.api.junit.Cucumber.runChild(Cucumber.java:38)
      	at org.junit.runners.ParentRunner$3.run(ParentRunner.java:290)
      	at org.junit.runners.ParentRunner$1.schedule(ParentRunner.java:71)
      	at org.junit.runners.ParentRunner.runChildren(ParentRunner.java:288)
      	at org.junit.runners.ParentRunner.access$000(ParentRunner.java:58)
      	at org.junit.runners.ParentRunner$2.evaluate(ParentRunner.java:268)
      	at org.junit.runners.ParentRunner.run(ParentRunner.java:363)
      	at cucumber.api.junit.Cucumber.run(Cucumber.java:100)
      	at org.apache.maven.surefire.junit4.JUnit4Provider.execute(JUnit4Provider.java:344)
      	at org.apache.maven.surefire.junit4.JUnit4Provider.executeWithRerun(JUnit4Provider.java:269)
      	at org.apache.maven.surefire.junit4.JUnit4Provider.executeTestSet(JUnit4Provider.java:240)
      	at org.apache.maven.surefire.junit4.JUnit4Provider.invoke(JUnit4Provider.java:184)
      	at org.apache.maven.surefire.booter.ForkedBooter.invokeProviderInSameClassLoader(ForkedBooter.java:286)
      	at org.apache.maven.surefire.booter.ForkedBooter.runSuitesInProcess(ForkedBooter.java:240)
      	at org.apache.maven.surefire.booter.ForkedBooter.main(ForkedBooter.java:121)
      &amp#27;[0m
]]></system-out>
    <system-err><![CDATA[Starting ChromeDriver 2.33.506120 (e3e53437346286c0bc2d2dc9aa4915ba81d9023f) on port 34119
Only local connections are allowed.
Oct 12, 2017 2:20:17 PM org.openqa.selenium.remote.ProtocolHandshake createSession
INFO: Attempting bi-dialect session, assuming Postel's Law holds true on the remote end
Oct 12, 2017 2:20:20 PM org.openqa.selenium.remote.ProtocolHandshake createSession
INFO: Detected dialect: OSS
]]></system-err>
  </testcase>
  <testcase name="When I log in to the platform" classname="| Hilton Hotel | London UK | George | 07909000943 | test@email.com |" time="0">
    <skipped/>
  </testcase>
  <testcase name="And I enter &quot;Hilton Hotel&quot; in the hotel name field" classname="| Hilton Hotel | London UK | George | 07909000943 | test@email.com |" time="0">
    <skipped/>
    <system-out><![CDATA[
  Background:                     &amp#27;[90m# feature/HotelManagement.feature:4&amp#27;[0m
    &amp#27;[36mGiven &amp#27;[0m&amp#27;[36mI am on the Homepage&amp#27;[0m    &amp#27;[90m# Common.i_am_on_the_Homepage()&amp#27;[0m
    &amp#27;[36mWhen &amp#27;[0m&amp#27;[36mI log in to the platform&amp#27;[0m &amp#27;[90m# Login.iLogInToThePlatform()&amp#27;[0m
]]></system-out>
  </testcase>
  <testcase name="And I enter  &quot;London UK&quot; in the address field" classname="| Hilton Hotel | London UK | George | 07909000943 | test@email.com |" time="0">
    <skipped/>
  </testcase>
  <testcase name="And I enter &quot;George&quot; in the owners field" classname="| Hilton Hotel | London UK | George | 07909000943 | test@email.com |" time="0">
    <skipped/>
  </testcase>
  <testcase name="And I enter &quot;07909000943&quot; in the phone number field" classname="| Hilton Hotel | London UK | George | 07909000943 | test@email.com |" time="0">
    <skipped/>
  </testcase>
  <testcase name="And I enter &quot;test@email.com&quot; in the email field" classname="| Hilton Hotel | London UK | George | 07909000943 | test@email.com |" time="0">
    <skipped/>
  </testcase>
  <testcase name="And I click create button" classname="| Hilton Hotel | London UK | George | 07909000943 | test@email.com |" time="0">
    <skipped/>
  </testcase>
  <testcase name="And I log out successfully" classname="| Hilton Hotel | London UK | George | 07909000943 | test@email.com |" time="0">
    <skipped/>
  </testcase>
  <testcase name="Given I am on the Homepage" classname="| Hilton Hotel2 | London UK | George | 07909000943 | test@email.com |" time="0"/>
  <testcase name="When I log in to the platform" classname="| Hilton Hotel2 | London UK | George | 07909000943 | test@email.com |" time="0"/>
  <testcase name="And I enter &quot;Hilton Hotel2&quot; in the hotel name field" classname="| Hilton Hotel2 | London UK | George | 07909000943 | test@email.com |" time="0"/>
  <testcase name="And I enter  &quot;London UK&quot; in the address field" classname="| Hilton Hotel2 | London UK | George | 07909000943 | test@email.com |" time="0"/>
  <testcase name="And I enter &quot;George&quot; in the owners field" classname="| Hilton Hotel2 | London UK | George | 07909000943 | test@email.com |" time="0"/>
  <testcase name="And I enter &quot;07909000943&quot; in the phone number field" classname="| Hilton Hotel2 | London UK | George | 07909000943 | test@email.com |" time="0"/>
  <testcase name="And I enter &quot;test@email.com&quot; in the email field" classname="| Hilton Hotel2 | London UK | George | 07909000943 | test@email.com |" time="0"/>
  <testcase name="And I click create button" classname="| Hilton Hotel2 | London UK | George | 07909000943 | test@email.com |" time="0"/>
  <testcase name="And I log out successfully" classname="| Hilton Hotel2 | London UK | George | 07909000943 | test@email.com |" time="0"/>
  <testcase name="| Hilton Hotel2 | London UK | George | 07909000943 | test@email.com |" classname="| Hilton Hotel2 | London UK | George | 07909000943 | test@email.com |" time="0"/>
  <testcase name="Given I am on the Homepage" classname="| Sheraton Hotel | Kent UK | Tester | 07909090009 | ester@email.com |" time="0"/>
  <testcase name="When I log in to the platform" classname="| Sheraton Hotel | Kent UK | Tester | 07909090009 | ester@email.com |" time="0"/>
  <testcase name="And I enter &quot;Sheraton Hotel&quot; in the hotel name field" classname="| Sheraton Hotel | Kent UK | Tester | 07909090009 | ester@email.com |" time="0"/>
  <testcase name="And I enter  &quot;Kent UK&quot; in the address field" classname="| Sheraton Hotel | Kent UK | Tester | 07909090009 | ester@email.com |" time="0"/>
  <testcase name="And I enter &quot;Tester&quot; in the owners field" classname="| Sheraton Hotel | Kent UK | Tester | 07909090009 | ester@email.com |" time="0"/>
  <testcase name="And I enter &quot;07909090009&quot; in the phone number field" classname="| Sheraton Hotel | Kent UK | Tester | 07909090009 | ester@email.com |" time="0"/>
  <testcase name="And I enter &quot;ester@email.com&quot; in the email field" classname="| Sheraton Hotel | Kent UK | Tester | 07909090009 | ester@email.com |" time="0"/>
  <testcase name="And I click create button" classname="| Sheraton Hotel | Kent UK | Tester | 07909090009 | ester@email.com |" time="0"/>
  <testcase name="And I log out successfully" classname="| Sheraton Hotel | Kent UK | Tester | 07909090009 | ester@email.com |" time="0"/>
  <testcase name="| Sheraton Hotel | Kent UK | Tester | 07909090009 | ester@email.com |" classname="| Sheraton Hotel | Kent UK | Tester | 07909090009 | ester@email.com |" time="0"/>
  <testcase name="Given I am on the Homepage" classname="| Sheraton Hotel2 | Kent UK | Tester | 07909090009 | ester@email.com |" time="0"/>
  <testcase name="When I log in to the platform" classname="| Sheraton Hotel2 | Kent UK | Tester | 07909090009 | ester@email.com |" time="0"/>
  <testcase name="And I enter &quot;Sheraton Hotel2&quot; in the hotel name field" classname="| Sheraton Hotel2 | Kent UK | Tester | 07909090009 | ester@email.com |" time="0"/>
  <testcase name="And I enter  &quot;Kent UK&quot; in the address field" classname="| Sheraton Hotel2 | Kent UK | Tester | 07909090009 | ester@email.com |" time="0"/>
  <testcase name="And I enter &quot;Tester&quot; in the owners field" classname="| Sheraton Hotel2 | Kent UK | Tester | 07909090009 | ester@email.com |" time="0.001"/>
  <testcase name="And I enter &quot;07909090009&quot; in the phone number field" classname="| Sheraton Hotel2 | Kent UK | Tester | 07909090009 | ester@email.com |" time="0"/>
  <testcase name="And I enter &quot;ester@email.com&quot; in the email field" classname="| Sheraton Hotel2 | Kent UK | Tester | 07909090009 | ester@email.com |" time="0"/>
  <testcase name="And I click create button" classname="| Sheraton Hotel2 | Kent UK | Tester | 07909090009 | ester@email.com |" time="0"/>
  <testcase name="And I log out successfully" classname="| Sheraton Hotel2 | Kent UK | Tester | 07909090009 | ester@email.com |" time="0"/>
  <testcase name="| Sheraton Hotel2 | Kent UK | Tester | 07909090009 | ester@email.com |" classname="| Sheraton Hotel2 | Kent UK | Tester | 07909090009 | ester@email.com |" time="0"/>
  <testcase name="Given I am on the Homepage" classname="| Sheraton Hotel3 | Kent UK | Tester | 07909090009 | ester@email.com |" time="0"/>
  <testcase name="When I log in to the platform" classname="| Sheraton Hotel3 | Kent UK | Tester | 07909090009 | ester@email.com |" time="0"/>
  <testcase name="And I enter &quot;Sheraton Hotel3&quot; in the hotel name field" classname="| Sheraton Hotel3 | Kent UK | Tester | 07909090009 | ester@email.com |" time="0"/>
  <testcase name="And I enter  &quot;Kent UK&quot; in the address field" classname="| Sheraton Hotel3 | Kent UK | Tester | 07909090009 | ester@email.com |" time="0"/>
  <testcase name="And I enter &quot;Tester&quot; in the owners field" classname="| Sheraton Hotel3 | Kent UK | Tester | 07909090009 | ester@email.com |" time="0"/>
  <testcase name="And I enter &quot;07909090009&quot; in the phone number field" classname="| Sheraton Hotel3 | Kent UK | Tester | 07909090009 | ester@email.com |" time="0"/>
  <testcase name="And I enter &quot;ester@email.com&quot; in the email field" classname="| Sheraton Hotel3 | Kent UK | Tester | 07909090009 | ester@email.com |" time="0"/>
  <testcase name="And I click create button" classname="| Sheraton Hotel3 | Kent UK | Tester | 07909090009 | ester@email.com |" time="0"/>
  <testcase name="And I log out successfully" classname="| Sheraton Hotel3 | Kent UK | Tester | 07909090009 | ester@email.com |" time="0"/>
  <testcase name="| Sheraton Hotel3 | Kent UK | Tester | 07909090009 | ester@email.com |" classname="| Sheraton Hotel3 | Kent UK | Tester | 07909090009 | ester@email.com |" time="0"/>
  <testcase name="Given I am on the Homepage" classname="Scenario: I should be able o delete existing entries" time="0"/>
  <testcase name="When I log in to the platform" classname="Scenario: I should be able o delete existing entries" time="0.001"/>
  <testcase name="And click should be able to delete multiple entrie" classname="Scenario: I should be able o delete existing entries" time="0">
    <error type="java.lang.NullPointerException">java.lang.NullPointerException
</error>
    <system-out><![CDATA[
  Background:                     &amp#27;[90m# feature/HotelManagement.feature:4&amp#27;[0m
    &amp#27;[32mGiven &amp#27;[0m&amp#27;[32mI am on the Homepage&amp#27;[0m    &amp#27;[90m# Common.i_am_on_the_Homepage()&amp#27;[0m
    &amp#27;[32mWhen &amp#27;[0m&amp#27;[32mI log in to the platform&amp#27;[0m &amp#27;[90m# Login.iLogInToThePlatform()&amp#27;[0m
]]></system-out>
  </testcase>
  <testcase name="Scenario: I should be able o delete existing entries" classname="Scenario: I should be able o delete existing entries" time="0">
    <error type="java.lang.NullPointerException">java.lang.NullPointerException
</error>
  </testcase>
</testsuite>